<?xml version="1.0" encoding="UTF-8"?>
<coverage generated="1508408173127" clover="3.2.0">
  <project timestamp="1508408173127" name="All files">
    <metrics statements="4" coveredstatements="4" conditionals="6" coveredconditionals="5" methods="1" coveredmethods="1" elements="11" coveredelements="10" complexity="0" loc="4" ncloc="4" packages="1" files="1" classes="1">
      <file name="sum.js" path="C:\Users\SoC3\Desktop\code\unit-testing\sum.js">
        <metrics statements="4" coveredstatements="4" conditionals="6" coveredconditionals="5" methods="1" coveredmethods="1"/>
        <line num="2" count="4" type="cond" truecount="5" falsecount="1"/>
        <line num="3" count="1" type="stmt"/>
        <line num="5" count="3" type="stmt"/>
        <line num="9" count="1" type="stmt"/>
      </file>
    </metrics>
  </project>
</coverage>
