<?xml version="1.0" encoding="UTF-8"?>
<coverage generated="1508408544615" clover="3.2.0">
  <project timestamp="1508408544615" name="All files">
    <metrics statements="11" coveredstatements="11" conditionals="19" coveredconditionals="19" methods="1" coveredmethods="1" elements="31" coveredelements="31" complexity="0" loc="11" ncloc="11" packages="1" files="1" classes="1">
      <file name="function.js" path="C:\Users\SoC3\Desktop\code\pingpong\function.js">
        <metrics statements="11" coveredstatements="11" conditionals="19" coveredconditionals="19" methods="1" coveredmethods="1"/>
        <line num="7" count="5" type="stmt"/>
        <line num="8" count="28" type="cond" truecount="4" falsecount="0"/>
        <line num="9" count="1" type="stmt"/>
        <line num="12" count="4" type="cond" truecount="5" falsecount="0"/>
        <line num="13" count="1" type="stmt"/>
        <line num="15" count="3" type="cond" truecount="5" falsecount="0"/>
        <line num="16" count="1" type="stmt"/>
        <line num="18" count="2" type="cond" truecount="5" falsecount="0"/>
        <line num="19" count="1" type="stmt"/>
        <line num="22" count="1" type="stmt"/>
        <line num="25" count="1" type="stmt"/>
      </file>
    </metrics>
  </project>
</coverage>
